-------------------------------------------------------------------------------
Test set: com.example.trainbookingsystem.TicketServiceTest
-------------------------------------------------------------------------------
Tests run: 7, Failures: 1, Errors: 1, Skipped: 0, Time elapsed: 1.242 s <<< FAILURE! -- in com.example.trainbookingsystem.TicketServiceTest
com.example.trainbookingsystem.TicketServiceTest.updateTicket_WhenTicketExists_ShouldUpdateAndReturnTicket -- Time elapsed: 1.147 s <<< FAILURE!
org.opentest4j.AssertionFailedError: expected: <1300.0> but was: <0.0>
	at org.junit.jupiter.api.AssertionFailureBuilder.build(AssertionFailureBuilder.java:151)
	at org.junit.jupiter.api.AssertionFailureBuilder.buildAndThrow(AssertionFailureBuilder.java:132)
	at org.junit.jupiter.api.AssertEquals.failNotEqual(AssertEquals.java:197)
	at org.junit.jupiter.api.AssertEquals.assertEquals(AssertEquals.java:70)
	at org.junit.jupiter.api.AssertEquals.assertEquals(AssertEquals.java:65)
	at org.junit.jupiter.api.Assertions.assertEquals(Assertions.java:889)
	at com.example.trainbookingsystem.TicketServiceTest.updateTicket_WhenTicketExists_ShouldUpdateAndReturnTicket(TicketServiceTest.java:139)
	at java.base/java.lang.reflect.Method.invoke(Method.java:565)
	at java.base/java.util.ArrayList.forEach(ArrayList.java:1604)
	at java.base/java.util.ArrayList.forEach(ArrayList.java:1604)

com.example.trainbookingsystem.TicketServiceTest.createTicket_ShouldSaveAndReturnTicket -- Time elapsed: 0.006 s <<< ERROR!
java.lang.NullPointerException: Cannot invoke "com.example.trainbookingsystem.service.UserService.getUserById(java.lang.Long)" because "this.userService" is null
	at com.example.trainbookingsystem.service.TicketService.createTicket(TicketService.java:36)
	at com.example.trainbookingsystem.TicketServiceTest.createTicket_ShouldSaveAndReturnTicket(TicketServiceTest.java:118)
	at java.base/java.lang.reflect.Method.invoke(Method.java:565)
	at java.base/java.util.ArrayList.forEach(ArrayList.java:1604)
	at java.base/java.util.ArrayList.forEach(ArrayList.java:1604)

